2025-04-04 09:28:51.959030 - Received SBGOLOB.CBT509.FILE423 from FILE423.XMI 
2025-04-04 09:28:51.961779 - Found $$$$$NEW.txt (text/plain) in SBGOLOB.CBT509.FILE423, moved to PDS/$$$$$NEW
2025-04-04 09:28:51.961943 - Found $$$$DOC.txt (text/plain) in SBGOLOB.CBT509.FILE423, moved to PDS/$$$$DOC
2025-04-04 09:28:51.962103 - Found $$$#DATE.txt (text/plain) in SBGOLOB.CBT509.FILE423, moved to PDS/$$$#DATE
2025-04-04 09:28:51.962240 - Found $$$COJRB.txt (text/plain) in SBGOLOB.CBT509.FILE423, moved to PDS/$$$COJRB
2025-04-04 09:28:51.962368 - Found $$$PERMT.txt (text/plain) in SBGOLOB.CBT509.FILE423, moved to PDS/$$$PERMT
2025-04-04 09:28:51.962504 - Found $$NOTE01.txt (text/plain) in SBGOLOB.CBT509.FILE423, moved to PDS/$$NOTE01
2025-04-04 09:28:51.962642 - Found $$NOTE02.eml (message/rfc822) in SBGOLOB.CBT509.FILE423, moved to PDS/$$NOTE02
2025-04-04 09:28:51.962769 - Found $$NOTE03.txt (text/plain) in SBGOLOB.CBT509.FILE423, moved to PDS/$$NOTE03
2025-04-04 09:28:51.962894 - Found $$NOTE04.txt (text/plain) in SBGOLOB.CBT509.FILE423, moved to PDS/$$NOTE04
2025-04-04 09:28:51.963061 - Found $MACLIB.txt (text/plain) in SBGOLOB.CBT509.FILE423, moved to PDS/$MACLIB
2025-04-04 09:28:51.963186 - Found #CHECKDD.txt (text/plain) in SBGOLOB.CBT509.FILE423, moved to PDS/#CHECKDD
2025-04-04 09:28:51.963306 - Found #CKDAY.txt (text/plain) in SBGOLOB.CBT509.FILE423, moved to PDS/#CKDAY
2025-04-04 09:28:51.963430 - Found #CKM.txt (text/plain) in SBGOLOB.CBT509.FILE423, moved to PDS/#CKM
2025-04-04 09:28:51.963567 - Found #CKMOUNT.txt (text/plain) in SBGOLOB.CBT509.FILE423, moved to PDS/#CKMOUNT
2025-04-04 09:28:51.963705 - Found #CKO.txt (text/plain) in SBGOLOB.CBT509.FILE423, moved to PDS/#CKO
2025-04-04 09:28:51.963847 - Found #CLRDAY.txt (text/plain) in SBGOLOB.CBT509.FILE423, moved to PDS/#CLRDAY
2025-04-04 09:28:51.963972 - Found #LAA.txt (text/plain) in SBGOLOB.CBT509.FILE423, moved to PDS/#LAA
2025-04-04 09:28:51.964108 - Found #QUOTE.txt (text/plain) in SBGOLOB.CBT509.FILE423, moved to PDS/#QUOTE
2025-04-04 09:28:51.964233 - Found #TELL.txt (text/plain) in SBGOLOB.CBT509.FILE423, moved to PDS/#TELL
2025-04-04 09:28:51.964354 - Found @FILE423.txt (text/plain) in SBGOLOB.CBT509.FILE423, moved to PDS/@FILE423
2025-04-04 09:28:51.964482 - Found BRODCAST.txt (text/plain) in SBGOLOB.CBT509.FILE423, moved to PDS/BRODCAST
2025-04-04 09:28:51.964610 - Found CHECKDD.txt (text/plain) in SBGOLOB.CBT509.FILE423, moved to PDS/CHECKDD
2025-04-04 09:28:51.964768 - Found CHKLSTAR.txt (text/plain) in SBGOLOB.CBT509.FILE423, moved to PDS/CHKLSTAR
2025-04-04 09:28:51.964888 - Found CKC.txt (text/plain) in SBGOLOB.CBT509.FILE423, moved to PDS/CKC
2025-04-04 09:28:51.965019 - Found CKC$.jcl (text/plain) in SBGOLOB.CBT509.FILE423, moved to PDS/CKC$
2025-04-04 09:28:51.965136 - Found CKDAY.txt (text/plain) in SBGOLOB.CBT509.FILE423, moved to PDS/CKDAY
2025-04-04 09:28:51.965253 - Found CKM.txt (text/plain) in SBGOLOB.CBT509.FILE423, moved to PDS/CKM
2025-04-04 09:28:51.965377 - Found CKMOUNT.txt (text/plain) in SBGOLOB.CBT509.FILE423, moved to PDS/CKMOUNT
2025-04-04 09:28:51.965496 - Found CKO.txt (text/plain) in SBGOLOB.CBT509.FILE423, moved to PDS/CKO
2025-04-04 09:28:51.965625 - Found DIGCLK.txt (text/plain) in SBGOLOB.CBT509.FILE423, moved to PDS/DIGCLK
2025-04-04 09:28:51.965748 - Found DIGCLK$.jcl (text/plain) in SBGOLOB.CBT509.FILE423, moved to PDS/DIGCLK$
2025-04-04 09:28:51.965876 - Found DIGCLK#.txt (text/plain) in SBGOLOB.CBT509.FILE423, moved to PDS/DIGCLK#
2025-04-04 09:28:51.965995 - Found DUMPV.txt (text/plain) in SBGOLOB.CBT509.FILE423, moved to PDS/DUMPV
2025-04-04 09:28:51.966127 - Found DUMPV$.jcl (text/plain) in SBGOLOB.CBT509.FILE423, moved to PDS/DUMPV$
2025-04-04 09:28:51.966248 - Found FINDEM.txt (text/plain) in SBGOLOB.CBT509.FILE423, moved to PDS/FINDEM
2025-04-04 09:28:51.966368 - Found FINDEM$.jcl (text/plain) in SBGOLOB.CBT509.FILE423, moved to PDS/FINDEM$
2025-04-04 09:28:51.966490 - Found FIXSMPL$.jcl (text/plain) in SBGOLOB.CBT509.FILE423, moved to PDS/FIXSMPL$
2025-04-04 09:28:51.966606 - Found FIXSMPLG.txt (text/plain) in SBGOLOB.CBT509.FILE423, moved to PDS/FIXSMPLG
2025-04-04 09:28:51.966717 - Found HEXPGM.txt (text/plain) in SBGOLOB.CBT509.FILE423, moved to PDS/HEXPGM
2025-04-04 09:28:51.966843 - Found HEXPGM$.jcl (text/plain) in SBGOLOB.CBT509.FILE423, moved to PDS/HEXPGM$
2025-04-04 09:28:51.966965 - Found K.txt (text/plain) in SBGOLOB.CBT509.FILE423, moved to PDS/K
2025-04-04 09:28:51.967079 - Found LAA.txt (text/plain) in SBGOLOB.CBT509.FILE423, moved to PDS/LAA
2025-04-04 09:28:51.967215 - Found LAA$.jcl (text/plain) in SBGOLOB.CBT509.FILE423, moved to PDS/LAA$
2025-04-04 09:28:51.967327 - Found LAAO.txt (text/plain) in SBGOLOB.CBT509.FILE423, moved to PDS/LAAO
2025-04-04 09:28:51.967438 - Found LAAOLD.txt (text/plain) in SBGOLOB.CBT509.FILE423, moved to PDS/LAAOLD
2025-04-04 09:28:51.967563 - Found LAAT.txt (text/plain) in SBGOLOB.CBT509.FILE423, moved to PDS/LAAT
2025-04-04 09:28:51.967680 - Found LISTATT$.jcl (text/plain) in SBGOLOB.CBT509.FILE423, moved to PDS/LISTATT$
2025-04-04 09:28:51.967791 - Found LISTATTR.txt (text/plain) in SBGOLOB.CBT509.FILE423, moved to PDS/LISTATTR
2025-04-04 09:28:51.967911 - Found LISTHEA$.jcl (text/plain) in SBGOLOB.CBT509.FILE423, moved to PDS/LISTHEA$
2025-04-04 09:28:51.968044 - Found LISTHEA#.txt (text/plain) in SBGOLOB.CBT509.FILE423, moved to PDS/LISTHEA#
2025-04-04 09:28:51.968175 - Found LISTHEAD.txt (text/plain) in SBGOLOB.CBT509.FILE423, moved to PDS/LISTHEAD
2025-04-04 09:28:51.968301 - Found LISTHE01.txt (text/plain) in SBGOLOB.CBT509.FILE423, moved to PDS/LISTHE01
2025-04-04 09:28:51.968430 - Found LISTMOD.txt (text/plain) in SBGOLOB.CBT509.FILE423, moved to PDS/LISTMOD
2025-04-04 09:28:51.968567 - Found LISTMOD$.jcl (text/plain) in SBGOLOB.CBT509.FILE423, moved to PDS/LISTMOD$
2025-04-04 09:28:51.968678 - Found LISTMOD#.txt (text/plain) in SBGOLOB.CBT509.FILE423, moved to PDS/LISTMOD#
2025-04-04 09:28:51.968803 - Found LISTMODD.txt (text/plain) in SBGOLOB.CBT509.FILE423, moved to PDS/LISTMODD
2025-04-04 09:28:51.968928 - Found LISTMODJ.jcl (text/plain) in SBGOLOB.CBT509.FILE423, moved to PDS/LISTMODJ
2025-04-04 09:28:51.969061 - Found MAPSP.txt (text/plain) in SBGOLOB.CBT509.FILE423, moved to PDS/MAPSP
2025-04-04 09:28:51.969199 - Found MAPXA.txt (text/plain) in SBGOLOB.CBT509.FILE423, moved to PDS/MAPXA
2025-04-04 09:28:51.969330 - Found MAPXA$.jcl (text/plain) in SBGOLOB.CBT509.FILE423, moved to PDS/MAPXA$
2025-04-04 09:28:51.969452 - Found MAPXA01.txt (text/plain) in SBGOLOB.CBT509.FILE423, moved to PDS/MAPXA01
2025-04-04 09:28:51.969588 - Found MERKNOW.txt (text/plain) in SBGOLOB.CBT509.FILE423, moved to PDS/MERKNOW
2025-04-04 09:28:51.969708 - Found NOW.txt (text/plain) in SBGOLOB.CBT509.FILE423, moved to PDS/NOW
2025-04-04 09:28:51.969829 - Found OFF.txt (text/plain) in SBGOLOB.CBT509.FILE423, moved to PDS/OFF
2025-04-04 09:28:51.969963 - Found ON.txt (text/plain) in SBGOLOB.CBT509.FILE423, moved to PDS/ON
2025-04-04 09:28:51.970092 - Found QUOTE.txt (text/plain) in SBGOLOB.CBT509.FILE423, moved to PDS/QUOTE
2025-04-04 09:28:51.970217 - Found REGS.txt (text/plain) in SBGOLOB.CBT509.FILE423, moved to PDS/REGS
2025-04-04 09:28:51.970345 - Found SMAP.txt (text/plain) in SBGOLOB.CBT509.FILE423, moved to PDS/SMAP
2025-04-04 09:28:51.970493 - Found TELL.txt (text/plain) in SBGOLOB.CBT509.FILE423, moved to PDS/TELL
2025-04-04 09:28:51.970609 - Found TELL$.jcl (text/plain) in SBGOLOB.CBT509.FILE423, moved to PDS/TELL$
2025-04-04 09:28:51.970732 - Found TERMSIZ$.jcl (text/plain) in SBGOLOB.CBT509.FILE423, moved to PDS/TERMSIZ$
2025-04-04 09:28:51.970864 - Found TERMSIZE.txt (text/plain) in SBGOLOB.CBT509.FILE423, moved to PDS/TERMSIZE
2025-04-04 09:28:51.970986 - Found TERMSZ.txt (text/plain) in SBGOLOB.CBT509.FILE423, moved to PDS/TERMSZ
2025-04-04 09:28:51.971144 - Found TERMSZ$.jcl (text/plain) in SBGOLOB.CBT509.FILE423, moved to PDS/TERMSZ$
2025-04-04 09:28:51.971261 - Found TERMTYP.txt (text/plain) in SBGOLOB.CBT509.FILE423, moved to PDS/TERMTYP
2025-04-04 09:28:51.971403 - Found TERMTYP$.jcl (text/plain) in SBGOLOB.CBT509.FILE423, moved to PDS/TERMTYP$
2025-04-04 09:28:51.971525 - Found TERMTYPE.txt (text/plain) in SBGOLOB.CBT509.FILE423, moved to PDS/TERMTYPE
2025-04-04 09:28:51.971644 - Found TF.txt (text/plain) in SBGOLOB.CBT509.FILE423, moved to PDS/TF
2025-04-04 09:28:51.971768 - Found VPUT.txt (text/plain) in SBGOLOB.CBT509.FILE423, moved to PDS/VPUT
2025-04-04 09:28:51.971903 - Found VTPUT.txt (text/plain) in SBGOLOB.CBT509.FILE423, moved to PDS/VTPUT
2025-04-04 09:28:51.972031 - Found VWTPU.txt (text/plain) in SBGOLOB.CBT509.FILE423, moved to PDS/VWTPU
